Starting audit...
[ERROR] C:\Users\itsvi\Desktop\MSIT\IT\ADS 1\6032_ADS1\assignments\m22\22.1 Ransom Note\Solution.java:5:1: Utility classes should not have a public or default constructor. [HideUtilityClassConstructor]
[ERROR] C:\Users\itsvi\Desktop\MSIT\IT\ADS 1\6032_ADS1\assignments\m22\22.1 Ransom Note\Solution.java:6:1: File contains tab characters (this is the first instance). [FileTabCharacter]
[ERROR] C:\Users\itsvi\Desktop\MSIT\IT\ADS 1\6032_ADS1\assignments\m22\22.1 Ransom Note\Solution.java:6:9: Missing a Javadoc comment. [JavadocMethod]
[ERROR] C:\Users\itsvi\Desktop\MSIT\IT\ADS 1\6032_ADS1\assignments\m22\22.1 Ransom Note\Solution.java:6:33: Parameter args should be final. [FinalParameters]
[ERROR] C:\Users\itsvi\Desktop\MSIT\IT\ADS 1\6032_ADS1\assignments\m22\22.1 Ransom Note\Solution.java:11:32: Array brackets at illegal position. [ArrayTypeStyle]
[ERROR] C:\Users\itsvi\Desktop\MSIT\IT\ADS 1\6032_ADS1\assignments\m22\22.1 Ransom Note\Solution.java:12:33: Array brackets at illegal position. [ArrayTypeStyle]
[ERROR] C:\Users\itsvi\Desktop\MSIT\IT\ADS 1\6032_ADS1\assignments\m22\22.1 Ransom Note\Solution.java:26: Missing a Javadoc comment. [JavadocType]
[ERROR] C:\Users\itsvi\Desktop\MSIT\IT\ADS 1\6032_ADS1\assignments\m22\22.1 Ransom Note\Solution.java:27:9: Missing a Javadoc comment. [JavadocVariable]
[ERROR] C:\Users\itsvi\Desktop\MSIT\IT\ADS 1\6032_ADS1\assignments\m22\22.1 Ransom Note\Solution.java:27:49: Variable 'hashone' must be private and have accessor methods. [VisibilityModifier]
[ERROR] C:\Users\itsvi\Desktop\MSIT\IT\ADS 1\6032_ADS1\assignments\m22\22.1 Ransom Note\Solution.java:28:9: Missing a Javadoc comment. [JavadocVariable]
[ERROR] C:\Users\itsvi\Desktop\MSIT\IT\ADS 1\6032_ADS1\assignments\m22\22.1 Ransom Note\Solution.java:28:49: Variable 'hashtwo' must be private and have accessor methods. [VisibilityModifier]
[ERROR] C:\Users\itsvi\Desktop\MSIT\IT\ADS 1\6032_ADS1\assignments\m22\22.1 Ransom Note\Solution.java:29:9: Missing a Javadoc comment. [JavadocMethod]
[ERROR] C:\Users\itsvi\Desktop\MSIT\IT\ADS 1\6032_ADS1\assignments\m22\22.1 Ransom Note\Solution.java:33:9: Missing a Javadoc comment. [JavadocMethod]
[ERROR] C:\Users\itsvi\Desktop\MSIT\IT\ADS 1\6032_ADS1\assignments\m22\22.1 Ransom Note\Solution.java:33:30: Parameter firstarr should be final. [FinalParameters]
[ERROR] C:\Users\itsvi\Desktop\MSIT\IT\ADS 1\6032_ADS1\assignments\m22\22.1 Ransom Note\Solution.java:33:49: Parameter secondarr should be final. [FinalParameters]
Audit done.
Checkstyle ends with 15 errors.
